<?xml version="1.0" encoding="UTF-8"?>
<testsuite name="com.futures.AcceptanceTestSuite" time="76.6" tests="11" errors="0" skipped="1" failures="0">
  <properties>
[...]
</properties>
  <testcase name="BeforeStories" classname="java.lang.Object" time="0.011"/>
  <testcase name="Given home page is opened" classname="com.futures.steps.DefinitionSteps" time="17.99"/>
  <testcase name="When I login to blibli" classname="com.futures.steps.DefinitionSteps" time="3.925"/>
  <testcase name="[PENDING] Then I can see my name in the site, " classname="[PENDING] Then I can see my name in the site, " time="0">
    <skipped/>
    <system-out><![CDATA[When I login to blibli
]]></system-out>
  </testcase>
  <testcase name="Scenario: login dulu gan" classname="Scenario: login dulu gan" time="9.928"/>
  <testcase name="Given already logged in" classname="com.futures.steps.DefinitionSteps" time="2.382"/>
  <testcase name="When I search minyak goreng" classname="com.futures.steps.DefinitionSteps" time="40.471"/>
  <testcase name="Then I can see product list" classname="com.futures.steps.DefinitionSteps" time="0.545"/>
  <testcase name="Scenario: beli minyak" classname="Scenario: beli minyak" time="0.672"/>
  <testcase name="BlibliLogin.story" classname="BlibliLogin.story" time="0.675"/>
  <testcase name="AfterStories" classname="java.lang.Object" time="0.001"/>
</testsuite>